<?xml version="1.0" encoding="UTF-8"?>
<testng-results ignored="0" total="4" passed="3" failed="1" skipped="0">
  <reporter-output>
  </reporter-output>
  <suite started-at="2022-06-21T16:37:21 IST" name="Default suite" finished-at="2022-06-21T16:44:18 IST" duration-ms="416344">
    <groups>
    </groups>
    <test started-at="2022-06-21T16:37:21 IST" name="Default test" finished-at="2022-06-21T16:44:18 IST" duration-ms="416344">
      <class name="TEST.LoginPageTest">
        <test-method is-config="true" signature="extentReports()[pri:0, instance:TEST.LoginPageTest@4fb61f4a]" started-at="2022-06-21T16:37:21 IST" name="extentReports" finished-at="2022-06-21T16:37:29 IST" duration-ms="8076" status="PASS">
          <reporter-output>
          </reporter-output>
        </test-method> <!-- extentReports -->
        <test-method is-config="true" signature="browser()[pri:0, instance:TEST.LoginPageTest@4fb61f4a]" started-at="2022-06-21T16:37:30 IST" name="browser" finished-at="2022-06-21T16:38:23 IST" duration-ms="52489" status="PASS">
          <reporter-output>
          </reporter-output>
        </test-method> <!-- browser -->
        <test-method signature="CliclonLoginWithoutTestData()[pri:0, instance:TEST.LoginPageTest@4fb61f4a]" started-at="2022-06-21T16:38:23 IST" name="CliclonLoginWithoutTestData" finished-at="2022-06-21T16:38:54 IST" duration-ms="31557" status="PASS">
          <reporter-output>
          </reporter-output>
        </test-method> <!-- CliclonLoginWithoutTestData -->
        <test-method is-config="true" signature="closeBrowser(org.testng.ITestResult)[pri:0, instance:TEST.LoginPageTest@4fb61f4a]" started-at="2022-06-21T16:38:54 IST" name="closeBrowser" finished-at="2022-06-21T16:38:54 IST" duration-ms="64" status="PASS">
          <params>
            <param index="0">
              <value>
                <![CDATA[[TestResult name=CliclonLoginWithoutTestData status=SUCCESS method=LoginPageTest.CliclonLoginWithoutTestData()[pri:0, instance:TEST.LoginPageTest@4fb61f4a] output={null}]]]>
              </value>
            </param>
          </params>
          <reporter-output>
          </reporter-output>
        </test-method> <!-- closeBrowser -->
        <test-method is-config="true" signature="browser()[pri:0, instance:TEST.LoginPageTest@4fb61f4a]" started-at="2022-06-21T16:38:54 IST" name="browser" finished-at="2022-06-21T16:39:55 IST" duration-ms="60438" status="PASS">
          <reporter-output>
          </reporter-output>
        </test-method> <!-- browser -->
        <test-method signature="LoginwithValidCredentialsTest()[pri:0, instance:TEST.LoginPageTest@4fb61f4a]" started-at="2022-06-21T16:39:55 IST" name="LoginwithValidCredentialsTest" finished-at="2022-06-21T16:40:46 IST" duration-ms="51289" status="FAIL">
          <exception class="java.lang.AssertionError">
            <message>
              <![CDATA[The following asserts failed:
expected [User ID Should be minimum 6] but found [User ID should be minimum 6 characters.]]]>
            </message>
            <full-stacktrace>
              <![CDATA[java.lang.AssertionError: The following asserts failed:
expected [User ID Should be minimum 6] but found [User ID should be minimum 6 characters.]
at org.testng.asserts.SoftAssert.assertAll(SoftAssert.java:47)
at org.testng.asserts.SoftAssert.assertAll(SoftAssert.java:31)
at TEST.LoginPageTest.LoginwithValidCredentialsTest(LoginPageTest.java:55)
at java.base/jdk.internal.reflect.NativeMethodAccessorImpl.invoke0(Native Method)
at java.base/jdk.internal.reflect.NativeMethodAccessorImpl.invoke(NativeMethodAccessorImpl.java:77)
at java.base/jdk.internal.reflect.DelegatingMethodAccessorImpl.invoke(DelegatingMethodAccessorImpl.java:43)
at java.base/java.lang.reflect.Method.invoke(Method.java:568)
at org.testng.internal.MethodInvocationHelper.invokeMethod(MethodInvocationHelper.java:133)
at org.testng.internal.TestInvoker.invokeMethod(TestInvoker.java:598)
at org.testng.internal.TestInvoker.invokeTestMethod(TestInvoker.java:173)
at org.testng.internal.MethodRunner.runInSequence(MethodRunner.java:46)
at org.testng.internal.TestInvoker$MethodInvocationAgent.invoke(TestInvoker.java:824)
at org.testng.internal.TestInvoker.invokeTestMethods(TestInvoker.java:146)
at org.testng.internal.TestMethodWorker.invokeTestMethods(TestMethodWorker.java:146)
at org.testng.internal.TestMethodWorker.run(TestMethodWorker.java:128)
at java.base/java.util.ArrayList.forEach(ArrayList.java:1511)
at org.testng.TestRunner.privateRun(TestRunner.java:794)
at org.testng.TestRunner.run(TestRunner.java:596)
at org.testng.SuiteRunner.runTest(SuiteRunner.java:377)
at org.testng.SuiteRunner.runSequentially(SuiteRunner.java:371)
at org.testng.SuiteRunner.privateRun(SuiteRunner.java:332)
at org.testng.SuiteRunner.run(SuiteRunner.java:276)
at org.testng.SuiteRunnerWorker.runSuite(SuiteRunnerWorker.java:53)
at org.testng.SuiteRunnerWorker.run(SuiteRunnerWorker.java:96)
at org.testng.TestNG.runSuitesSequentially(TestNG.java:1212)
at org.testng.TestNG.runSuitesLocally(TestNG.java:1134)
at org.testng.TestNG.runSuites(TestNG.java:1063)
at org.testng.TestNG.run(TestNG.java:1031)
at org.testng.remote.AbstractRemoteTestNG.run(AbstractRemoteTestNG.java:115)
at org.testng.remote.RemoteTestNG.initAndRun(RemoteTestNG.java:251)
at org.testng.remote.RemoteTestNG.main(RemoteTestNG.java:77)
]]>
            </full-stacktrace>
          </exception> <!-- java.lang.AssertionError -->
          <reporter-output>
          </reporter-output>
        </test-method> <!-- LoginwithValidCredentialsTest -->
        <test-method is-config="true" signature="closeBrowser(org.testng.ITestResult)[pri:0, instance:TEST.LoginPageTest@4fb61f4a]" started-at="2022-06-21T16:41:02 IST" name="closeBrowser" finished-at="2022-06-21T16:41:02 IST" duration-ms="2" status="PASS">
          <params>
            <param index="0">
              <value>
                <![CDATA[[TestResult name=LoginwithValidCredentialsTest status=FAILURE method=LoginPageTest.LoginwithValidCredentialsTest()[pri:0, instance:TEST.LoginPageTest@4fb61f4a] output={null}]]]>
              </value>
            </param>
          </params>
          <reporter-output>
          </reporter-output>
        </test-method> <!-- closeBrowser -->
        <test-method is-config="true" signature="browser()[pri:0, instance:TEST.LoginPageTest@4fb61f4a]" started-at="2022-06-21T16:41:02 IST" name="browser" finished-at="2022-06-21T16:42:09 IST" duration-ms="66764" status="PASS">
          <reporter-output>
          </reporter-output>
        </test-method> <!-- browser -->
        <test-method signature="SignUpLinkTest()[pri:0, instance:TEST.LoginPageTest@4fb61f4a]" started-at="2022-06-21T16:42:09 IST" name="SignUpLinkTest" finished-at="2022-06-21T16:42:44 IST" duration-ms="34972" status="PASS">
          <reporter-output>
          </reporter-output>
        </test-method> <!-- SignUpLinkTest -->
        <test-method is-config="true" signature="closeBrowser(org.testng.ITestResult)[pri:0, instance:TEST.LoginPageTest@4fb61f4a]" started-at="2022-06-21T16:42:44 IST" name="closeBrowser" finished-at="2022-06-21T16:42:44 IST" duration-ms="2" status="PASS">
          <params>
            <param index="0">
              <value>
                <![CDATA[[TestResult name=SignUpLinkTest status=SUCCESS method=LoginPageTest.SignUpLinkTest()[pri:0, instance:TEST.LoginPageTest@4fb61f4a] output={null}]]]>
              </value>
            </param>
          </params>
          <reporter-output>
          </reporter-output>
        </test-method> <!-- closeBrowser -->
        <test-method is-config="true" signature="browser()[pri:0, instance:TEST.LoginPageTest@4fb61f4a]" started-at="2022-06-21T16:42:44 IST" name="browser" finished-at="2022-06-21T16:44:05 IST" duration-ms="81343" status="PASS">
          <reporter-output>
          </reporter-output>
        </test-method> <!-- browser -->
        <test-method signature="forgotPasswordLinkTest()[pri:0, instance:TEST.LoginPageTest@4fb61f4a]" started-at="2022-06-21T16:44:05 IST" name="forgotPasswordLinkTest" finished-at="2022-06-21T16:44:11 IST" duration-ms="5328" status="PASS">
          <reporter-output>
          </reporter-output>
        </test-method> <!-- forgotPasswordLinkTest -->
        <test-method is-config="true" signature="closeBrowser(org.testng.ITestResult)[pri:0, instance:TEST.LoginPageTest@4fb61f4a]" started-at="2022-06-21T16:44:11 IST" name="closeBrowser" finished-at="2022-06-21T16:44:11 IST" duration-ms="2" status="PASS">
          <params>
            <param index="0">
              <value>
                <![CDATA[[TestResult name=forgotPasswordLinkTest status=SUCCESS method=LoginPageTest.forgotPasswordLinkTest()[pri:0, instance:TEST.LoginPageTest@4fb61f4a] output={null}]]]>
              </value>
            </param>
          </params>
          <reporter-output>
          </reporter-output>
        </test-method> <!-- closeBrowser -->
        <test-method is-config="true" signature="flushResult()[pri:0, instance:TEST.LoginPageTest@4fb61f4a]" started-at="2022-06-21T16:44:11 IST" name="flushResult" finished-at="2022-06-21T16:44:18 IST" duration-ms="6980" status="PASS">
          <reporter-output>
          </reporter-output>
        </test-method> <!-- flushResult -->
      </class> <!-- TEST.LoginPageTest -->
    </test> <!-- Default test -->
  </suite> <!-- Default suite -->
</testng-results>
